{"/home/stian/Documents/Netology-hw/task-manager/src/js/utils.js": {"path":"/home/stian/Documents/Netology-hw/task-manager/src/js/utils.js","statementMap":{"0":{"start":{"line":2,"column":16},"end":{"line":2,"column":46}},"1":{"start":{"line":3,"column":2},"end":{"line":3,"column":38}}},"fnMap":{"0":{"name":"validateColumnTitle","decl":{"start":{"line":1,"column":16},"end":{"line":1,"column":35}},"loc":{"start":{"line":1,"column":44},"end":{"line":4,"column":1}},"line":1}},"branchMap":{},"s":{"0":10,"1":10},"f":{"0":10},"b":{},"_coverageSchema":"1a1c01bbd47fc00a2c39e90264f33305004495a9","hash":"0ce68185005210d486d416966a67562d3482528c"}
}
